<?xml version="1.0" encoding="UTF-8"?>
<testsuite xmlns:xsi="http://www.w3.org/2001/XMLSchema-instance" xsi:noNamespaceSchemaLocation="https://maven.apache.org/surefire/maven-surefire-plugin/xsd/surefire-test-report.xsd" name="TestSuite" time="9.32" tests="18" errors="0" skipped="0" failures="0">
  <properties>
[...]
</properties>
  <testcase name="validateAllHeader" classname="com.DocStudio.testcases.TC001_get_all_employees_data" time="0.011"/>
  <testcase name="validateHeaderIsNotNull" classname="com.DocStudio.testcases.TC001_get_all_employees_data" time="0.002"/>
  <testcase name="validateResponseIsNotNull" classname="com.DocStudio.testcases.TC001_get_all_employees_data" time="0.016"/>
  <testcase name="validateSingleHeader" classname="com.DocStudio.testcases.TC001_get_all_employees_data" time="0.001"/>
  <testcase name="validateStatusCode" classname="com.DocStudio.testcases.TC001_get_all_employees_data" time="0.006"/>
  <testcase name="validaterResponseTime" classname="com.DocStudio.testcases.TC001_get_all_employees_data" time="0"/>
  <testcase name="checkContentType" classname="com.DocStudio.testcases.TC003_post_emp_record" time="0"/>
  <testcase name="checkEmployeeData" classname="com.DocStudio.testcases.TC003_post_emp_record" time="0.001"/>
  <testcase name="checkStatusCode" classname="com.DocStudio.testcases.TC003_post_emp_record" time="0"/>
  <testcase name="checkStatusLine" classname="com.DocStudio.testcases.TC003_post_emp_record" time="0.001"/>
  <testcase name="checkStatusCode" classname="com.DocStudio.testcases.TC005_delete_emp_record" time="0.001"/>
  <testcase name="checkStatusLine" classname="com.DocStudio.testcases.TC005_delete_emp_record" time="0.001"/>
  <testcase name="checkSuccesMessage" classname="com.DocStudio.testcases.TC005_delete_emp_record" time="0.001"/>
  <testcase name="checkContentType" classname="com.DocStudio.testcases.TC004_update_emp_record" time="0.002"/>
  <testcase name="checkEmployeeData" classname="com.DocStudio.testcases.TC004_update_emp_record" time="0.002"/>
  <testcase name="checkStatusCode" classname="com.DocStudio.testcases.TC004_update_emp_record" time="0.001"/>
  <testcase name="checkStatusLine" classname="com.DocStudio.testcases.TC004_update_emp_record" time="0.002"/>
  <testcase name="getEmployeeData" classname="com.DocStudio.testcases.TC002_get_single_employee_data" time="0.001"/>
</testsuite>